app/build/outputs/logs/manifest-merger-debug-report.txt
-- Merging decision tree log ---
manifest
ADDED from src/main/AndroidManifest.xml:22:1-3783:12
	package
		ADDED from src/main/AndroidManifest.xml:23:11-45
		INJECTED from src/main/AndroidManifest.xml
		INJECTED from src/main/AndroidManifest.xml
	xmlns:android
		ADDED from src/main/AndroidManifest.xml:22:11-69
uses-permission#android.permission.READ_CONTACTS
ADDED from src/main/AndroidManifest.xml:25:5-71
	android:name
		ADDED from src/main/AndroidManifest.xml:25:22-69
uses-permission#android.permission.WRITE_CONTACTS
ADDED from src/main/AndroidManifest.xml:26:5-72
	android:name
		ADDED from src/main/AndroidManifest.xml:26:22-70
uses-permission#android.permission.VIBRATE
ADDED from src/main/AndroidManifest.xml:27:5-65
	android:name
		ADDED from src/main/AndroidManifest.xml:27:22-63
uses-permission#android.permission.ACCESS_COARSE_LOCATION
ADDED from src/main/AndroidManifest.xml:28:5-80
	android:name
		ADDED from src/main/AndroidManifest.xml:28:22-78
uses-permission#android.permission.INTERNET
ADDED from src/main/AndroidManifest.xml:29:5-66
	android:name
		ADDED from src/main/AndroidManifest.xml:29:22-64
uses-permission#android.permission.SET_WALLPAPER
ADDED from src/main/AndroidManifest.xml:30:5-71
	android:name
		ADDED from src/main/AndroidManifest.xml:30:22-69
uses-permission#android.permission.WRITE_EXTERNAL_STORAGE
ADDED from src/main/AndroidManifest.xml:31:5-80
	android:name
		ADDED from src/main/AndroidManifest.xml:31:22-78
uses-permission#android.permission.SEND_SMS
ADDED from src/main/AndroidManifest.xml:32:5-66
	android:name
		ADDED from src/main/AndroidManifest.xml:32:22-64
uses-permission#android.permission.RECEIVE_SMS
ADDED from src/main/AndroidManifest.xml:33:5-69
	android:name
		ADDED from src/main/AndroidManifest.xml:33:22-67
uses-permission#android.permission.RECEIVE_MMS
ADDED from src/main/AndroidManifest.xml:34:5-69
	android:name
		ADDED from src/main/AndroidManifest.xml:34:22-67
uses-permission#android.permission.WRITE_SMS
ADDED from src/main/AndroidManifest.xml:35:5-67
	android:name
		ADDED from src/main/AndroidManifest.xml:35:22-65
uses-permission#android.permission.READ_SMS
ADDED from src/main/AndroidManifest.xml:36:5-66
	android:name
		ADDED from src/main/AndroidManifest.xml:36:22-64
uses-permission#android.permission.NFC
ADDED from src/main/AndroidManifest.xml:37:5-61
	android:name
		ADDED from src/main/AndroidManifest.xml:37:22-59
uses-permission#android.permission.TRANSMIT_IR
ADDED from src/main/AndroidManifest.xml:38:5-69
	android:name
		ADDED from src/main/AndroidManifest.xml:38:22-67
uses-permission#android.permission.READ_PHONE_STATE
ADDED from src/main/AndroidManifest.xml:39:5-74
	android:name
		ADDED from src/main/AndroidManifest.xml:39:22-72
uses-permission#android.permission.RECORD_AUDIO
ADDED from src/main/AndroidManifest.xml:43:5-70
	android:name
		ADDED from src/main/AndroidManifest.xml:43:22-68
uses-permission#android.permission.CAMERA
ADDED from src/main/AndroidManifest.xml:47:5-64
	android:name
		ADDED from src/main/AndroidManifest.xml:47:22-62
uses-feature#android.hardware.camera
ADDED from src/main/AndroidManifest.xml:49:5-59
	android:name
		ADDED from src/main/AndroidManifest.xml:49:19-57
uses-feature#android.hardware.camera.autofocus
ADDED from src/main/AndroidManifest.xml:50:5-52:35
	android:required
		ADDED from src/main/AndroidManifest.xml:52:9-33
	android:name
		ADDED from src/main/AndroidManifest.xml:51:9-57
application
ADDED from src/main/AndroidManifest.xml:54:5-3776:19
MERGED from [com.android.support:support-v4:25.0.0] AndroidManifest.xml:25:5-20
MERGED from [com.android.support:support-fragment:25.0.0] AndroidManifest.xml:25:5-20
MERGED from [com.android.support:support-media-compat:25.0.0] AndroidManifest.xml:25:5-20
MERGED from [com.android.support:support-core-ui:25.0.0] AndroidManifest.xml:25:5-20
MERGED from [com.android.support:support-core-utils:25.0.0] AndroidManifest.xml:25:5-20
MERGED from [com.android.support:support-compat:25.0.0] AndroidManifest.xml:25:5-20
	android:label
		ADDED from src/main/AndroidManifest.xml:58:9-53
	android:supportsRtl
		ADDED from src/main/AndroidManifest.xml:59:9-35
	android:hardwareAccelerated
		ADDED from src/main/AndroidManifest.xml:56:9-43
	android:icon
		ADDED from src/main/AndroidManifest.xml:57:9-49
	android:theme
		ADDED from src/main/AndroidManifest.xml:60:9-54
	android:name
		ADDED from src/main/AndroidManifest.xml:55:9-43
uses-library#com.example.will.never.exist
ADDED from src/main/AndroidManifest.xml:64:9-66:39
	android:required
		ADDED from src/main/AndroidManifest.xml:66:13-37
	android:name
		ADDED from src/main/AndroidManifest.xml:65:13-56
activity#com.example.android.apis.ApiDemos
ADDED from src/main/AndroidManifest.xml:68:9-75:20
	android:name
		ADDED from src/main/AndroidManifest.xml:68:19-42
intent-filter#android.intent.action.MAIN+android.intent.category.DEFAULT+android.intent.category.LAUNCHER
ADDED from src/main/AndroidManifest.xml:69:13-74:29
action#android.intent.action.MAIN
ADDED from src/main/AndroidManifest.xml:70:17-68
	android:name
		ADDED from src/main/AndroidManifest.xml:70:25-66
category#android.intent.category.DEFAULT
ADDED from src/main/AndroidManifest.xml:72:17-75
	android:name
		ADDED from src/main/AndroidManifest.xml:72:27-73
category#android.intent.category.LAUNCHER
ADDED from src/main/AndroidManifest.xml:73:17-76
	android:name
		ADDED from src/main/AndroidManifest.xml:73:27-74
activity#com.example.android.apis.app.HelloWorld
ADDED from src/main/AndroidManifest.xml:83:9-90:20
	android:label
		ADDED from src/main/AndroidManifest.xml:85:13-57
	android:name
		ADDED from src/main/AndroidManifest.xml:84:13-43
intent-filter#android.intent.action.MAIN+android.intent.category.SAMPLE_CODE
ADDED from src/main/AndroidManifest.xml:86:13-89:29
category#android.intent.category.SAMPLE_CODE
ADDED from src/main/AndroidManifest.xml:88:17-79
	android:name
		ADDED from src/main/AndroidManifest.xml:88:27-77
activity#com.example.android.apis.app.DialogActivity
ADDED from src/main/AndroidManifest.xml:92:9-100:20
	android:label
		ADDED from src/main/AndroidManifest.xml:94:13-52
	android:theme
		ADDED from src/main/AndroidManifest.xml:95:13-54
	android:name
		ADDED from src/main/AndroidManifest.xml:93:13-47
activity#com.example.android.apis.app.CustomDialogActivity
ADDED from src/main/AndroidManifest.xml:102:9-110:20
	android:label
		ADDED from src/main/AndroidManifest.xml:104:13-59
	android:theme
		ADDED from src/main/AndroidManifest.xml:105:13-54
	android:name
		ADDED from src/main/AndroidManifest.xml:103:13-53
activity#com.example.android.apis.app.OverscanActivity
ADDED from src/main/AndroidManifest.xml:112:9-121:20
	android:enabled
		ADDED from src/main/AndroidManifest.xml:114:13-56
	android:label
		ADDED from src/main/AndroidManifest.xml:115:13-54
	android:theme
		ADDED from src/main/AndroidManifest.xml:116:13-75
	android:name
		ADDED from src/main/AndroidManifest.xml:113:13-49
activity#com.example.android.apis.app.QuickContactsDemo
ADDED from src/main/AndroidManifest.xml:123:9-130:20
	android:label
		ADDED from src/main/AndroidManifest.xml:125:13-56
	android:name
		ADDED from src/main/AndroidManifest.xml:124:13-50
activity#com.example.android.apis.app.WallpaperActivity
ADDED from src/main/AndroidManifest.xml:132:9-140:20
	android:label
		ADDED from src/main/AndroidManifest.xml:134:13-55
	android:theme
		ADDED from src/main/AndroidManifest.xml:135:13-51
	android:name
		ADDED from src/main/AndroidManifest.xml:133:13-50
activity#com.example.android.apis.app.TranslucentActivity
ADDED from src/main/AndroidManifest.xml:142:9-150:20
	android:label
		ADDED from src/main/AndroidManifest.xml:144:13-57
	android:theme
		ADDED from src/main/AndroidManifest.xml:145:13-53
	android:name
		ADDED from src/main/AndroidManifest.xml:143:13-52
activity#com.example.android.apis.app.TranslucentBlurActivity
ADDED from src/main/AndroidManifest.xml:152:9-160:20
	android:label
		ADDED from src/main/AndroidManifest.xml:154:13-62
	android:theme
		ADDED from src/main/AndroidManifest.xml:155:13-53
	android:name
		ADDED from src/main/AndroidManifest.xml:153:13-56
activity#com.example.android.apis.app.Animation
ADDED from src/main/AndroidManifest.xml:162:9-169:20
	android:label
		ADDED from src/main/AndroidManifest.xml:164:13-55
	android:name
		ADDED from src/main/AndroidManifest.xml:163:13-42
activity#com.example.android.apis.app.SaveRestoreState
ADDED from src/main/AndroidManifest.xml:171:9-179:20
	android:label
		ADDED from src/main/AndroidManifest.xml:173:13-58
	android:windowSoftInputMode
		ADDED from src/main/AndroidManifest.xml:174:13-68
	android:name
		ADDED from src/main/AndroidManifest.xml:172:13-49
activity#com.example.android.apis.app.PersistentState
ADDED from src/main/AndroidManifest.xml:181:9-189:20
	android:label
		ADDED from src/main/AndroidManifest.xml:183:13-56
	android:windowSoftInputMode
		ADDED from src/main/AndroidManifest.xml:184:13-68
	android:name
		ADDED from src/main/AndroidManifest.xml:182:13-48
activity#com.example.android.apis.app.ActivityRecreate
ADDED from src/main/AndroidManifest.xml:191:9-199:20
	android:enabled
		ADDED from src/main/AndroidManifest.xml:193:13-53
	android:label
		ADDED from src/main/AndroidManifest.xml:194:13-54
	android:name
		ADDED from src/main/AndroidManifest.xml:192:13-49
activity#com.example.android.apis.app.FinishAffinity
ADDED from src/main/AndroidManifest.xml:201:9-210:20
	android:enabled
		ADDED from src/main/AndroidManifest.xml:203:13-53
	android:label
		ADDED from src/main/AndroidManifest.xml:204:13-61
	android:taskAffinity
		ADDED from src/main/AndroidManifest.xml:205:13-46
	android:name
		ADDED from src/main/AndroidManifest.xml:202:13-47
activity#com.example.android.apis.app.SoftInputModes
ADDED from src/main/AndroidManifest.xml:212:9-219:20
	android:label
		ADDED from src/main/AndroidManifest.xml:214:13-53
	android:name
		ADDED from src/main/AndroidManifest.xml:213:13-47
activity#com.example.android.apis.app.ReceiveResult
ADDED from src/main/AndroidManifest.xml:221:9-228:20
	android:label
		ADDED from src/main/AndroidManifest.xml:223:13-60
	android:name
		ADDED from src/main/AndroidManifest.xml:222:13-46
activity#com.example.android.apis.app.SendResult
ADDED from src/main/AndroidManifest.xml:230:9-233:20
	android:theme
		ADDED from src/main/AndroidManifest.xml:232:13-56
	android:name
		ADDED from src/main/AndroidManifest.xml:231:13-43
activity#com.example.android.apis.app.Forwarding
ADDED from src/main/AndroidManifest.xml:235:9-242:20
	android:label
		ADDED from src/main/AndroidManifest.xml:237:13-56
	android:name
		ADDED from src/main/AndroidManifest.xml:236:13-43
activity#com.example.android.apis.app.ForwardTarget
ADDED from src/main/AndroidManifest.xml:244:9-245:20
	android:name
		ADDED from src/main/AndroidManifest.xml:244:19-52
activity#com.example.android.apis.app.RedirectEnter
ADDED from src/main/AndroidManifest.xml:247:9-254:20
	android:label
		ADDED from src/main/AndroidManifest.xml:249:13-54
	android:name
		ADDED from src/main/AndroidManifest.xml:248:13-46
activity#com.example.android.apis.app.RedirectMain
ADDED from src/main/AndroidManifest.xml:256:9-257:20
	android:name
		ADDED from src/main/AndroidManifest.xml:256:19-51
activity#com.example.android.apis.app.RedirectGetter
ADDED from src/main/AndroidManifest.xml:259:9-260:20
	android:name
		ADDED from src/main/AndroidManifest.xml:259:19-53
activity#com.example.android.apis.app.CustomTitle
ADDED from src/main/AndroidManifest.xml:264:9-273:20
	android:label
		ADDED from src/main/AndroidManifest.xml:266:13-58
	android:windowSoftInputMode
		ADDED from src/main/AndroidManifest.xml:268:13-65
	android:theme
		ADDED from src/main/AndroidManifest.xml:267:13-49
	android:name
		ADDED from src/main/AndroidManifest.xml:265:13-44
activity#com.example.android.apis.app.ReorderOnLaunch
ADDED from src/main/AndroidManifest.xml:275:9-282:20
	android:label
		ADDED from src/main/AndroidManifest.xml:277:13-53
	android:name
		ADDED from src/main/AndroidManifest.xml:276:13-48
activity#com.example.android.apis.app.RotationAnimation
ADDED from src/main/AndroidManifest.xml:284:9-291:20
	android:label
		ADDED from src/main/AndroidManifest.xml:286:13-64
	android:name
		ADDED from src/main/AndroidManifest.xml:285:13-50
activity#com.example.android.apis.app.ReorderTwo
ADDED from src/main/AndroidManifest.xml:293:9-51
	android:name
		ADDED from src/main/AndroidManifest.xml:293:19-49
activity#com.example.android.apis.app.ReorderThree
ADDED from src/main/AndroidManifest.xml:294:9-53
	android:name
		ADDED from src/main/AndroidManifest.xml:294:19-51
activity#com.example.android.apis.app.ReorderFour
ADDED from src/main/AndroidManifest.xml:295:9-52
	android:name
		ADDED from src/main/AndroidManifest.xml:295:19-50
activity#com.example.android.apis.app.SetWallpaperActivity
ADDED from src/main/AndroidManifest.xml:297:9-304:20
	android:label
		ADDED from src/main/AndroidManifest.xml:299:13-58
	android:name
		ADDED from src/main/AndroidManifest.xml:298:13-53
activity#com.example.android.apis.app.ScreenOrientation
ADDED from src/main/AndroidManifest.xml:306:9-313:20
	android:label
		ADDED from src/main/AndroidManifest.xml:308:13-64
	android:name
		ADDED from src/main/AndroidManifest.xml:307:13-50
activity#com.example.android.apis.app.PresentationActivity
ADDED from src/main/AndroidManifest.xml:315:9-322:20
	android:label
		ADDED from src/main/AndroidManifest.xml:317:13-58
	android:name
		ADDED from src/main/AndroidManifest.xml:316:13-53
activity#com.example.android.apis.app.PresentationWithMediaRouterActivity
ADDED from src/main/AndroidManifest.xml:324:9-331:20
	android:label
		ADDED from src/main/AndroidManifest.xml:326:13-76
	android:name
		ADDED from src/main/AndroidManifest.xml:325:13-68
activity#com.example.android.apis.app.SecureWindowActivity
ADDED from src/main/AndroidManifest.xml:333:9-340:20
	android:label
		ADDED from src/main/AndroidManifest.xml:335:13-59
	android:name
		ADDED from src/main/AndroidManifest.xml:334:13-53
activity#com.example.android.apis.app.SecureDialogActivity
ADDED from src/main/AndroidManifest.xml:342:9-349:20
	android:label
		ADDED from src/main/AndroidManifest.xml:344:13-59
	android:name
		ADDED from src/main/AndroidManifest.xml:343:13-53
activity#com.example.android.apis.app.SecureSurfaceViewActivity
ADDED from src/main/AndroidManifest.xml:351:9-358:20
	android:label
		ADDED from src/main/AndroidManifest.xml:353:13-65
	android:name
		ADDED from src/main/AndroidManifest.xml:352:13-58
activity#com.example.android.apis.app.FragmentAlertDialog
ADDED from src/main/AndroidManifest.xml:362:9-370:20
	android:enabled
		ADDED from src/main/AndroidManifest.xml:364:13-53
	android:label
		ADDED from src/main/AndroidManifest.xml:365:13-58
	android:name
		ADDED from src/main/AndroidManifest.xml:363:13-52
activity#com.example.android.apis.app.FragmentArguments
ADDED from src/main/AndroidManifest.xml:372:9-380:20
	android:enabled
		ADDED from src/main/AndroidManifest.xml:374:13-53
	android:label
		ADDED from src/main/AndroidManifest.xml:375:13-55
	android:name
		ADDED from src/main/AndroidManifest.xml:373:13-50
activity#com.example.android.apis.app.FragmentCustomAnimations
ADDED from src/main/AndroidManifest.xml:382:9-390:20
	android:enabled
		ADDED from src/main/AndroidManifest.xml:384:13-56
	android:label
		ADDED from src/main/AndroidManifest.xml:385:13-63
	android:name
		ADDED from src/main/AndroidManifest.xml:383:13-57
activity#com.example.android.apis.app.FragmentHideShow
ADDED from src/main/AndroidManifest.xml:392:9-401:20
	android:enabled
		ADDED from src/main/AndroidManifest.xml:394:13-53
	android:label
		ADDED from src/main/AndroidManifest.xml:395:13-55
	android:windowSoftInputMode
		ADDED from src/main/AndroidManifest.xml:396:13-57
	android:name
		ADDED from src/main/AndroidManifest.xml:393:13-49
activity#com.example.android.apis.app.FragmentContextMenu
ADDED from src/main/AndroidManifest.xml:403:9-411:20
	android:enabled
		ADDED from src/main/AndroidManifest.xml:405:13-53
	android:label
		ADDED from src/main/AndroidManifest.xml:406:13-58
	android:name
		ADDED from src/main/AndroidManifest.xml:404:13-52
activity#com.example.android.apis.app.FragmentDialog
ADDED from src/main/AndroidManifest.xml:413:9-421:20
	android:enabled
		ADDED from src/main/AndroidManifest.xml:415:13-53
	android:label
		ADDED from src/main/AndroidManifest.xml:416:13-52
	android:name
		ADDED from src/main/AndroidManifest.xml:414:13-47
activity#com.example.android.apis.app.FragmentDialogOrActivity
ADDED from src/main/AndroidManifest.xml:423:9-431:20
	android:enabled
		ADDED from src/main/AndroidManifest.xml:425:13-53
	android:label
		ADDED from src/main/AndroidManifest.xml:426:13-64
	android:name
		ADDED from src/main/AndroidManifest.xml:424:13-57
activity#com.example.android.apis.app.FragmentLayout
ADDED from src/main/AndroidManifest.xml:433:9-441:20
	android:enabled
		ADDED from src/main/AndroidManifest.xml:435:13-53
	android:label
		ADDED from src/main/AndroidManifest.xml:436:13-52
	android:name
		ADDED from src/main/AndroidManifest.xml:434:13-47
activity#com.example.android.apis.app.FragmentLayout$DetailsActivity
ADDED from src/main/AndroidManifest.xml:443:9-445:55
	android:enabled
		ADDED from src/main/AndroidManifest.xml:445:13-53
	android:name
		ADDED from src/main/AndroidManifest.xml:444:13-63
activity#com.example.android.apis.app.FragmentListArray
ADDED from src/main/AndroidManifest.xml:447:9-455:20
	android:enabled
		ADDED from src/main/AndroidManifest.xml:449:13-53
	android:label
		ADDED from src/main/AndroidManifest.xml:450:13-56
	android:name
		ADDED from src/main/AndroidManifest.xml:448:13-50
activity#com.example.android.apis.app.FragmentMenu
ADDED from src/main/AndroidManifest.xml:457:9-465:20
	android:enabled
		ADDED from src/main/AndroidManifest.xml:459:13-53
	android:label
		ADDED from src/main/AndroidManifest.xml:460:13-50
	android:name
		ADDED from src/main/AndroidManifest.xml:458:13-45
activity#com.example.android.apis.app.FragmentNestingTabs
ADDED from src/main/AndroidManifest.xml:467:9-475:20
	android:enabled
		ADDED from src/main/AndroidManifest.xml:469:13-56
	android:label
		ADDED from src/main/AndroidManifest.xml:470:13-58
	android:name
		ADDED from src/main/AndroidManifest.xml:468:13-52
activity#com.example.android.apis.app.FragmentRetainInstance
ADDED from src/main/AndroidManifest.xml:477:9-485:20
	android:enabled
		ADDED from src/main/AndroidManifest.xml:479:13-53
	android:label
		ADDED from src/main/AndroidManifest.xml:480:13-61
	android:name
		ADDED from src/main/AndroidManifest.xml:478:13-55
activity#com.example.android.apis.app.FragmentReceiveResult
ADDED from src/main/AndroidManifest.xml:487:9-495:20
	android:enabled
		ADDED from src/main/AndroidManifest.xml:489:13-53
	android:label
		ADDED from src/main/AndroidManifest.xml:490:13-60
	android:name
		ADDED from src/main/AndroidManifest.xml:488:13-54
activity#com.example.android.apis.app.FragmentStack
ADDED from src/main/AndroidManifest.xml:497:9-505:20
	android:enabled
		ADDED from src/main/AndroidManifest.xml:499:13-53
	android:label
		ADDED from src/main/AndroidManifest.xml:500:13-51
	android:name
		ADDED from src/main/AndroidManifest.xml:498:13-46
activity#com.example.android.apis.app.FragmentTabs
ADDED from src/main/AndroidManifest.xml:507:9-515:20
	android:enabled
		ADDED from src/main/AndroidManifest.xml:509:13-53
	android:label
		ADDED from src/main/AndroidManifest.xml:510:13-50
	android:name
		ADDED from src/main/AndroidManifest.xml:508:13-45
activity#com.example.android.apis.app.LoaderCursor
ADDED from src/main/AndroidManifest.xml:519:9-527:20
	android:enabled
		ADDED from src/main/AndroidManifest.xml:521:13-53
	android:label
		ADDED from src/main/AndroidManifest.xml:522:13-50
	android:name
		ADDED from src/main/AndroidManifest.xml:520:13-45
activity#com.example.android.apis.app.LoaderCustom
ADDED from src/main/AndroidManifest.xml:529:9-537:20
	android:enabled
		ADDED from src/main/AndroidManifest.xml:531:13-53
	android:label
		ADDED from src/main/AndroidManifest.xml:532:13-50
	android:name
		ADDED from src/main/AndroidManifest.xml:530:13-45
activity#com.example.android.apis.app.LoaderThrottle
ADDED from src/main/AndroidManifest.xml:540:9-548:20
	android:enabled
		ADDED from src/main/AndroidManifest.xml:542:13-53
	android:label
		ADDED from src/main/AndroidManifest.xml:543:13-52
	android:name
		ADDED from src/main/AndroidManifest.xml:541:13-47
provider#com.example.android.apis.app.LoaderThrottle$SimpleProvider
ADDED from src/main/AndroidManifest.xml:550:9-553:55
	android:authorities
		ADDED from src/main/AndroidManifest.xml:552:13-78
	android:enabled
		ADDED from src/main/AndroidManifest.xml:553:13-53
	android:name
		ADDED from src/main/AndroidManifest.xml:551:13-62
activity#com.example.android.apis.app.LoaderRetained
ADDED from src/main/AndroidManifest.xml:556:9-564:20
	android:enabled
		ADDED from src/main/AndroidManifest.xml:558:13-53
	android:label
		ADDED from src/main/AndroidManifest.xml:559:13-52
	android:name
		ADDED from src/main/AndroidManifest.xml:557:13-47
activity#com.example.android.apis.app.Intents
ADDED from src/main/AndroidManifest.xml:568:9-575:20
	android:label
		ADDED from src/main/AndroidManifest.xml:570:13-53
	android:name
		ADDED from src/main/AndroidManifest.xml:569:13-40
activity#com.example.android.apis.app.IntentActivityFlags
ADDED from src/main/AndroidManifest.xml:577:9-584:20
	android:label
		ADDED from src/main/AndroidManifest.xml:579:13-67
	android:name
		ADDED from src/main/AndroidManifest.xml:578:13-52
service#com.example.android.apis.app.LocalService
ADDED from src/main/AndroidManifest.xml:588:9-590:42
	android:stopWithTask
		ADDED from src/main/AndroidManifest.xml:590:13-40
	android:name
		ADDED from src/main/AndroidManifest.xml:589:13-45
activity#com.example.android.apis.app.LocalServiceActivities$Controller
ADDED from src/main/AndroidManifest.xml:592:9-600:20
	android:label
		ADDED from src/main/AndroidManifest.xml:594:13-70
	android:launchMode
		ADDED from src/main/AndroidManifest.xml:595:13-43
	android:name
		ADDED from src/main/AndroidManifest.xml:593:13-66
activity#com.example.android.apis.app.LocalServiceActivities$Binding
ADDED from src/main/AndroidManifest.xml:602:9-609:20
	android:label
		ADDED from src/main/AndroidManifest.xml:604:13-67
	android:name
		ADDED from src/main/AndroidManifest.xml:603:13-63
service#com.example.android.apis.app.MessengerService
ADDED from src/main/AndroidManifest.xml:612:9-614:40
	android:process
		ADDED from src/main/AndroidManifest.xml:614:13-38
	android:name
		ADDED from src/main/AndroidManifest.xml:613:13-49
activity#com.example.android.apis.app.MessengerServiceActivities$Binding
ADDED from src/main/AndroidManifest.xml:617:9-624:20
	android:label
		ADDED from src/main/AndroidManifest.xml:619:13-71
	android:name
		ADDED from src/main/AndroidManifest.xml:618:13-67
service#com.example.android.apis.app.RemoteService
ADDED from src/main/AndroidManifest.xml:626:9-628:40
	android:process
		ADDED from src/main/AndroidManifest.xml:628:13-38
	android:name
		ADDED from src/main/AndroidManifest.xml:627:13-46
activity#com.example.android.apis.app.RemoteService$Controller
ADDED from src/main/AndroidManifest.xml:630:9-638:20
	android:label
		ADDED from src/main/AndroidManifest.xml:632:13-71
	android:launchMode
		ADDED from src/main/AndroidManifest.xml:633:13-43
	android:name
		ADDED from src/main/AndroidManifest.xml:631:13-57
activity#com.example.android.apis.app.RemoteService$Binding
ADDED from src/main/AndroidManifest.xml:640:9-647:20
	android:label
		ADDED from src/main/AndroidManifest.xml:642:13-68
	android:name
		ADDED from src/main/AndroidManifest.xml:641:13-54
activity#com.example.android.apis.app.RemoteService$BindingOptions
ADDED from src/main/AndroidManifest.xml:649:9-656:20
	android:label
		ADDED from src/main/AndroidManifest.xml:651:13-76
	android:name
		ADDED from src/main/AndroidManifest.xml:650:13-61
service#com.example.android.apis.app.ServiceStartArguments
ADDED from src/main/AndroidManifest.xml:658:9-61
	android:name
		ADDED from src/main/AndroidManifest.xml:658:18-59
activity#com.example.android.apis.app.ServiceStartArguments$Controller
ADDED from src/main/AndroidManifest.xml:660:9-668:20
	android:label
		ADDED from src/main/AndroidManifest.xml:662:13-80
	android:launchMode
		ADDED from src/main/AndroidManifest.xml:663:13-43
	android:name
		ADDED from src/main/AndroidManifest.xml:661:13-65
service#com.example.android.apis.app.ForegroundService
ADDED from src/main/AndroidManifest.xml:670:9-57
	android:name
		ADDED from src/main/AndroidManifest.xml:670:18-55
activity#com.example.android.apis.app.ForegroundService$Controller
ADDED from src/main/AndroidManifest.xml:672:9-680:20
	android:label
		ADDED from src/main/AndroidManifest.xml:674:13-75
	android:launchMode
		ADDED from src/main/AndroidManifest.xml:675:13-43
	android:name
		ADDED from src/main/AndroidManifest.xml:673:13-61
activity#com.example.android.apis.app.IsolatedService$Controller
ADDED from src/main/AndroidManifest.xml:682:9-691:20
	android:enabled
		ADDED from src/main/AndroidManifest.xml:684:13-53
	android:label
		ADDED from src/main/AndroidManifest.xml:685:13-73
	android:launchMode
		ADDED from src/main/AndroidManifest.xml:686:13-43
	android:name
		ADDED from src/main/AndroidManifest.xml:683:13-59
service#com.example.android.apis.app.IsolatedService
ADDED from src/main/AndroidManifest.xml:693:9-696:45
	android:enabled
		ADDED from src/main/AndroidManifest.xml:695:13-53
	android:isolatedProcess
		ADDED from src/main/AndroidManifest.xml:696:13-43
	android:name
		ADDED from src/main/AndroidManifest.xml:694:13-48
service#com.example.android.apis.app.IsolatedService2
ADDED from src/main/AndroidManifest.xml:697:9-700:45
	android:enabled
		ADDED from src/main/AndroidManifest.xml:699:13-53
	android:isolatedProcess
		ADDED from src/main/AndroidManifest.xml:700:13-43
	android:name
		ADDED from src/main/AndroidManifest.xml:698:13-49
receiver#com.example.android.apis.app.OneShotAlarm
ADDED from src/main/AndroidManifest.xml:704:9-706:40
	android:process
		ADDED from src/main/AndroidManifest.xml:706:13-38
	android:name
		ADDED from src/main/AndroidManifest.xml:705:13-45
receiver#com.example.android.apis.app.RepeatingAlarm
ADDED from src/main/AndroidManifest.xml:708:9-710:40
	android:process
		ADDED from src/main/AndroidManifest.xml:710:13-38
	android:name
		ADDED from src/main/AndroidManifest.xml:709:13-47
activity#com.example.android.apis.app.AlarmController
ADDED from src/main/AndroidManifest.xml:712:9-719:20
	android:label
		ADDED from src/main/AndroidManifest.xml:714:13-62
	android:name
		ADDED from src/main/AndroidManifest.xml:713:13-48
service#com.example.android.apis.app.AlarmService_Service
ADDED from src/main/AndroidManifest.xml:721:9-723:40
	android:process
		ADDED from src/main/AndroidManifest.xml:723:13-38
	android:name
		ADDED from src/main/AndroidManifest.xml:722:13-53
activity#com.example.android.apis.app.AlarmService
ADDED from src/main/AndroidManifest.xml:725:9-732:20
	android:label
		ADDED from src/main/AndroidManifest.xml:727:13-59
	android:name
		ADDED from src/main/AndroidManifest.xml:726:13-45
receiver#com.example.android.apis.app.DoNothing
ADDED from src/main/AndroidManifest.xml:736:9-739:39
	android:process
		ADDED from src/main/AndroidManifest.xml:739:13-37
	android:exported
		ADDED from src/main/AndroidManifest.xml:738:13-36
	android:name
		ADDED from src/main/AndroidManifest.xml:737:13-42
activity#com.example.android.apis.accessibility.ClockBackActivity
ADDED from src/main/AndroidManifest.xml:745:9-752:20
	android:label
		ADDED from src/main/AndroidManifest.xml:747:13-58
	android:name
		ADDED from src/main/AndroidManifest.xml:746:13-60
service#com.example.android.apis.accessibility.ClockBackService
ADDED from src/main/AndroidManifest.xml:754:9-761:19
	android:label
		ADDED from src/main/AndroidManifest.xml:756:13-64
	android:permission
		ADDED from src/main/AndroidManifest.xml:757:13-79
	android:name
		ADDED from src/main/AndroidManifest.xml:755:13-59
intent-filter#android.accessibilityservice.AccessibilityService
ADDED from src/main/AndroidManifest.xml:758:13-760:29
action#android.accessibilityservice.AccessibilityService
ADDED from src/main/AndroidManifest.xml:759:17-91
	android:name
		ADDED from src/main/AndroidManifest.xml:759:25-89
activity#com.example.android.apis.accessibility.TaskListActivity
ADDED from src/main/AndroidManifest.xml:763:9-771:20
	android:enabled
		ADDED from src/main/AndroidManifest.xml:765:13-60
	android:label
		ADDED from src/main/AndroidManifest.xml:766:13-63
	android:name
		ADDED from src/main/AndroidManifest.xml:764:13-59
service#com.example.android.apis.accessibility.TaskBackService
ADDED from src/main/AndroidManifest.xml:773:9-784:19
	android:enabled
		ADDED from src/main/AndroidManifest.xml:775:13-60
	android:label
		ADDED from src/main/AndroidManifest.xml:776:13-69
	android:permission
		ADDED from src/main/AndroidManifest.xml:777:13-79
	android:name
		ADDED from src/main/AndroidManifest.xml:774:13-58
meta-data#android.accessibilityservice
ADDED from src/main/AndroidManifest.xml:781:13-783:57
	android:resource
		ADDED from src/main/AndroidManifest.xml:783:17-55
	android:name
		ADDED from src/main/AndroidManifest.xml:782:17-60
activity#com.example.android.apis.accessibility.CustomViewAccessibilityActivity
ADDED from src/main/AndroidManifest.xml:786:9-794:20
	android:enabled
		ADDED from src/main/AndroidManifest.xml:788:13-60
	android:label
		ADDED from src/main/AndroidManifest.xml:789:13-62
	android:name
		ADDED from src/main/AndroidManifest.xml:787:13-74
activity#com.example.android.apis.app.LocalSample
ADDED from src/main/AndroidManifest.xml:798:9-805:20
	android:label
		ADDED from src/main/AndroidManifest.xml:800:13-58
	android:name
		ADDED from src/main/AndroidManifest.xml:799:13-44
intent-filter#android.intent.action.MAIN
ADDED from src/main/AndroidManifest.xml:801:13-804:29
activity#com.example.android.apis.app.ContactsFilter
ADDED from src/main/AndroidManifest.xml:807:9-814:20